<?xml version="1.0" encoding="UTF-8"?>
<!-- Generated by org.testng.reporters.JUnitReportReporter -->
<testsuite skipped="0" hostname="LAPTOP-EI3FDKO7" name="org.testing.TestScripts.TC1" tests="1" failures="0" timestamp="2021-12-06T18:57:54 IST" time="45.700" errors="0">
  <testcase name="TC1" time="45.700" classname="org.testing.TestScripts.TC1"/>
  <system-out/>
</testsuite> <!-- org.testing.TestScripts.TC1 -->
